The target system is: Android - 1 - aarch64
The host system is: Windows - 10.0.19042 - AMD64
Detecting C compiler ABI info compiled with the following output:
Change Dir: C:/Users/sgfirstliu/Downloads/mimalloc-1.7.2/out/android/arm64-v8a/CMakeFiles/CMakeTmp

Run Build Command(s):C:/Users/sgfirstliu/AppData/Local/Android/Sdk/cmake/3.18.1/bin/ninja.exe cmTC_460ff && [1/2] Building C object CMakeFiles/cmTC_460ff.dir/CMakeCCompilerABI.c.o
Android (5220042 based on r346389c) clang version 8.0.7 (https://android.googlesource.com/toolchain/clang b55f2d4ebfd35bf643d27dbca1bb228957008617) (https://android.googlesource.com/toolchain/llvm 3c393fe7a7e13b0fba4ac75a01aa683d7a5b11cd) (based on LLVM 8.0.7svn)
Target: aarch64-none-linux-android21
Thread model: posix
InstalledDir: C:\Users\sgfirstliu\Downloads\android-ndk-r20\toolchains\llvm\prebuilt\windows-x86_64\bin
Found candidate GCC installation: C:/Users/sgfirstliu/Downloads/android-ndk-r20/toolchains/llvm/prebuilt/windows-x86_64/lib/gcc/aarch64-linux-android\4.9.x
Selected GCC installation: C:/Users/sgfirstliu/Downloads/android-ndk-r20/toolchains/llvm/prebuilt/windows-x86_64/lib/gcc/aarch64-linux-android/4.9.x
Candidate multilib: .;@m64
Selected multilib: .;@m64
 "C:\\Users\\sgfirstliu\\Downloads\\android-ndk-r20\\toolchains\\llvm\\prebuilt\\windows-x86_64\\bin\\clang.exe" -cc1 -triple aarch64-none-linux-android21 -emit-obj -mrelax-all -mnoexecstack -disable-free -disable-llvm-verifier -discard-value-names -main-file-name CMakeCCompilerABI.c -mrelocation-model pic -pic-level 2 -pic-is-pie -mthread-model posix -mdisable-fp-elim -masm-verbose -mconstructor-aliases -munwind-tables -fuse-init-array -target-cpu generic -target-feature +neon -target-abi aapcs -mllvm -aarch64-fix-cortex-a53-835769=1 -fallow-half-arguments-and-returns -dwarf-column-info -debug-info-kind=limited -dwarf-version=4 -debugger-tuning=gdb -v -ffunction-sections -fdata-sections -coverage-notes-file "C:\\Users\\sgfirstliu\\Downloads\\mimalloc-1.7.2\\out\\android\\arm64-v8a\\CMakeFiles\\CMakeTmp\\CMakeFiles/cmTC_460ff.dir/CMakeCCompilerABI.c.gcno" -resource-dir "C:\\Users\\sgfirstliu\\Downloads\\android-ndk-r20\\toolchains\\llvm\\prebuilt\\windows-x86_64\\lib64\\clang\\8.0.7" -dependency-file "CMakeFiles\\cmTC_460ff.dir\\CMakeCCompilerABI.c.o.d" -sys-header-deps -MT CMakeFiles/cmTC_460ff.dir/CMakeCCompilerABI.c.o -D ANDROID -isysroot C:/Users/sgfirstliu/Downloads/android-ndk-r20/toolchains/llvm/prebuilt/windows-x86_64/sysroot -internal-isystem C:/Users/sgfirstliu/Downloads/android-ndk-r20/toolchains/llvm/prebuilt/windows-x86_64/sysroot/usr/local/include -internal-isystem "C:\\Users\\sgfirstliu\\Downloads\\android-ndk-r20\\toolchains\\llvm\\prebuilt\\windows-x86_64\\lib64\\clang\\8.0.7\\include" -internal-externc-isystem C:/Users/sgfirstliu/Downloads/android-ndk-r20/toolchains/llvm/prebuilt/windows-x86_64/sysroot/usr/include/aarch64-linux-android -internal-externc-isystem C:/Users/sgfirstliu/Downloads/android-ndk-r20/toolchains/llvm/prebuilt/windows-x86_64/sysroot/include -internal-externc-isystem C:/Users/sgfirstliu/Downloads/android-ndk-r20/toolchains/llvm/prebuilt/windows-x86_64/sysroot/usr/include -Wformat -fdebug-compilation-dir "C:\\Users\\sgfirstliu\\Downloads\\mimalloc-1.7.2\\out\\android\\arm64-v8a\\CMakeFiles\\CMakeTmp" -ferror-limit 19 -fmessage-length 0 -stack-protector 2 -fno-signed-char -fobjc-runtime=gcc -fdiagnostics-show-option -o CMakeFiles/cmTC_460ff.dir/CMakeCCompilerABI.c.o -x c C:/Program Files/CMake/share/cmake-3.21/Modules/CMakeCCompilerABI.c
clang -cc1 version 8.0.7 based upon LLVM 8.0.7svn default target x86_64-w64-windows-gnu
ignoring nonexistent directory "C:/Users/sgfirstliu/Downloads/android-ndk-r20/toolchains/llvm/prebuilt/windows-x86_64/sysroot/include"
#include "..." search starts here:
#include <...> search starts here:
 C:/Users/sgfirstliu/Downloads/android-ndk-r20/toolchains/llvm/prebuilt/windows-x86_64/sysroot/usr/local/include
 C:\Users\sgfirstliu\Downloads\android-ndk-r20\toolchains\llvm\prebuilt\windows-x86_64\lib64\clang\8.0.7\include
 C:/Users/sgfirstliu/Downloads/android-ndk-r20/toolchains/llvm/prebuilt/windows-x86_64/sysroot/usr/include/aarch64-linux-android
 C:/Users/sgfirstliu/Downloads/android-ndk-r20/toolchains/llvm/prebuilt/windows-x86_64/sysroot/usr/include
End of search list.
[2/2] Linking C executable cmTC_460ff
Android (5220042 based on r346389c) clang version 8.0.7 (https://android.googlesource.com/toolchain/clang b55f2d4ebfd35bf643d27dbca1bb228957008617) (https://android.googlesource.com/toolchain/llvm 3c393fe7a7e13b0fba4ac75a01aa683d7a5b11cd) (based on LLVM 8.0.7svn)
Target: aarch64-none-linux-android21
Thread model: posix
InstalledDir: C:\Users\sgfirstliu\Downloads\android-ndk-r20\toolchains\llvm\prebuilt\windows-x86_64\bin
Found candidate GCC installation: C:/Users/sgfirstliu/Downloads/android-ndk-r20/toolchains/llvm/prebuilt/windows-x86_64/lib/gcc/aarch64-linux-android\4.9.x
Selected GCC installation: C:/Users/sgfirstliu/Downloads/android-ndk-r20/toolchains/llvm/prebuilt/windows-x86_64/lib/gcc/aarch64-linux-android/4.9.x
Candidate multilib: .;@m64
Selected multilib: .;@m64
 "C:/Users/sgfirstliu/Downloads/android-ndk-r20/toolchains/llvm/prebuilt/windows-x86_64/lib/gcc/aarch64-linux-android/4.9.x/../../../../aarch64-linux-android/bin\\ld" --sysroot=C:/Users/sgfirstliu/Downloads/android-ndk-r20/toolchains/llvm/prebuilt/windows-x86_64/sysroot -pie -EL --fix-cortex-a53-843419 -z now -z relro --hash-style=both --enable-new-dtags --eh-frame-hdr -m aarch64linux -dynamic-linker /system/bin/linker64 -o cmTC_460ff "C:/Users/sgfirstliu/Downloads/android-ndk-r20/toolchains/llvm/prebuilt/windows-x86_64/sysroot/usr/lib/aarch64-linux-android/21\\crtbegin_dynamic.o" "-LC:\\Users\\sgfirstliu\\Downloads\\android-ndk-r20\\toolchains\\llvm\\prebuilt\\windows-x86_64\\lib64\\clang\\8.0.7\\lib\\linux\\aarch64" -LC:/Users/sgfirstliu/Downloads/android-ndk-r20/toolchains/llvm/prebuilt/windows-x86_64/lib/gcc/aarch64-linux-android/4.9.x -LC:/Users/sgfirstliu/Downloads/android-ndk-r20/toolchains/llvm/prebuilt/windows-x86_64/lib/gcc/aarch64-linux-android/4.9.x/../../../../aarch64-linux-android/lib/../lib64 -LC:/Users/sgfirstliu/Downloads/android-ndk-r20/toolchains/llvm/prebuilt/windows-x86_64/sysroot/usr/lib/aarch64-linux-android/21 -LC:/Users/sgfirstliu/Downloads/android-ndk-r20/toolchains/llvm/prebuilt/windows-x86_64/sysroot/usr/lib/aarch64-linux-android -LC:/Users/sgfirstliu/Downloads/android-ndk-r20/toolchains/llvm/prebuilt/windows-x86_64/lib/gcc/aarch64-linux-android/4.9.x/../../../../aarch64-linux-android/lib -LC:/Users/sgfirstliu/Downloads/android-ndk-r20/toolchains/llvm/prebuilt/windows-x86_64/sysroot/usr/lib --exclude-libs libgcc.a --exclude-libs libatomic.a --build-id --warn-shared-textrel --fatal-warnings --no-undefined -z noexecstack --gc-sections CMakeFiles/cmTC_460ff.dir/CMakeCCompilerABI.c.o -lgcc -ldl -lc -lgcc -ldl "C:/Users/sgfirstliu/Downloads/android-ndk-r20/toolchains/llvm/prebuilt/windows-x86_64/sysroot/usr/lib/aarch64-linux-android/21\\crtend_android.o"



Parsed C implicit include dir info from above output: rv=done
  found start of include info
  found start of implicit include info
    add: [C:/Users/sgfirstliu/Downloads/android-ndk-r20/toolchains/llvm/prebuilt/windows-x86_64/sysroot/usr/local/include]
    add: [C:/Users/sgfirstliu/Downloads/android-ndk-r20/toolchains/llvm/prebuilt/windows-x86_64/lib64/clang/8.0.7/include]
    add: [C:/Users/sgfirstliu/Downloads/android-ndk-r20/toolchains/llvm/prebuilt/windows-x86_64/sysroot/usr/include/aarch64-linux-android]
    add: [C:/Users/sgfirstliu/Downloads/android-ndk-r20/toolchains/llvm/prebuilt/windows-x86_64/sysroot/usr/include]
  end of search list found
  collapse include dir [C:/Users/sgfirstliu/Downloads/android-ndk-r20/toolchains/llvm/prebuilt/windows-x86_64/sysroot/usr/local/include] ==> [C:/Users/sgfirstliu/Downloads/android-ndk-r20/toolchains/llvm/prebuilt/windows-x86_64/sysroot/usr/local/include]
  collapse include dir [C:/Users/sgfirstliu/Downloads/android-ndk-r20/toolchains/llvm/prebuilt/windows-x86_64/lib64/clang/8.0.7/include] ==> [C:/Users/sgfirstliu/Downloads/android-ndk-r20/toolchains/llvm/prebuilt/windows-x86_64/lib64/clang/8.0.7/include]
  collapse include dir [C:/Users/sgfirstliu/Downloads/android-ndk-r20/toolchains/llvm/prebuilt/windows-x86_64/sysroot/usr/include/aarch64-linux-android] ==> [C:/Users/sgfirstliu/Downloads/android-ndk-r20/toolchains/llvm/prebuilt/windows-x86_64/sysroot/usr/include/aarch64-linux-android]
  collapse include dir [C:/Users/sgfirstliu/Downloads/android-ndk-r20/toolchains/llvm/prebuilt/windows-x86_64/sysroot/usr/include] ==> [C:/Users/sgfirstliu/Downloads/android-ndk-r20/toolchains/llvm/prebuilt/windows-x86_64/sysroot/usr/include]
  implicit include dirs: [C:/Users/sgfirstliu/Downloads/android-ndk-r20/toolchains/llvm/prebuilt/windows-x86_64/sysroot/usr/local/include;C:/Users/sgfirstliu/Downloads/android-ndk-r20/toolchains/llvm/prebuilt/windows-x86_64/lib64/clang/8.0.7/include;C:/Users/sgfirstliu/Downloads/android-ndk-r20/toolchains/llvm/prebuilt/windows-x86_64/sysroot/usr/include/aarch64-linux-android;C:/Users/sgfirstliu/Downloads/android-ndk-r20/toolchains/llvm/prebuilt/windows-x86_64/sysroot/usr/include]


Parsed C implicit link information from above output:
  link line regex: [^( *|.*[/\])(ld\.lld\.exe|CMAKE_LINK_STARTFILE-NOTFOUND|([^/\]+-)?ld|collect2)[^/\]*( |$)]
  ignore line: [Change Dir: C:/Users/sgfirstliu/Downloads/mimalloc-1.7.2/out/android/arm64-v8a/CMakeFiles/CMakeTmp]
  ignore line: []
  ignore line: [Run Build Command(s):C:/Users/sgfirstliu/AppData/Local/Android/Sdk/cmake/3.18.1/bin/ninja.exe cmTC_460ff && [1/2] Building C object CMakeFiles/cmTC_460ff.dir/CMakeCCompilerABI.c.o]
  ignore line: [Android (5220042 based on r346389c) clang version 8.0.7 (https://android.googlesource.com/toolchain/clang b55f2d4ebfd35bf643d27dbca1bb228957008617) (https://android.googlesource.com/toolchain/llvm 3c393fe7a7e13b0fba4ac75a01aa683d7a5b11cd) (based on LLVM 8.0.7svn)]
  ignore line: [Target: aarch64-none-linux-android21]
  ignore line: [Thread model: posix]
  ignore line: [InstalledDir: C:\Users\sgfirstliu\Downloads\android-ndk-r20\toolchains\llvm\prebuilt\windows-x86_64\bin]
  ignore line: [Found candidate GCC installation: C:/Users/sgfirstliu/Downloads/android-ndk-r20/toolchains/llvm/prebuilt/windows-x86_64/lib/gcc/aarch64-linux-android\4.9.x]
  ignore line: [Selected GCC installation: C:/Users/sgfirstliu/Downloads/android-ndk-r20/toolchains/llvm/prebuilt/windows-x86_64/lib/gcc/aarch64-linux-android/4.9.x]
  ignore line: [Candidate multilib: .]
  ignore line: [@m64]
  ignore line: [Selected multilib: .]
  ignore line: [@m64]
  ignore line: [ "C:\\Users\\sgfirstliu\\Downloads\\android-ndk-r20\\toolchains\\llvm\\prebuilt\\windows-x86_64\\bin\\clang.exe" -cc1 -triple aarch64-none-linux-android21 -emit-obj -mrelax-all -mnoexecstack -disable-free -disable-llvm-verifier -discard-value-names -main-file-name CMakeCCompilerABI.c -mrelocation-model pic -pic-level 2 -pic-is-pie -mthread-model posix -mdisable-fp-elim -masm-verbose -mconstructor-aliases -munwind-tables -fuse-init-array -target-cpu generic -target-feature +neon -target-abi aapcs -mllvm -aarch64-fix-cortex-a53-835769=1 -fallow-half-arguments-and-returns -dwarf-column-info -debug-info-kind=limited -dwarf-version=4 -debugger-tuning=gdb -v -ffunction-sections -fdata-sections -coverage-notes-file "C:\\Users\\sgfirstliu\\Downloads\\mimalloc-1.7.2\\out\\android\\arm64-v8a\\CMakeFiles\\CMakeTmp\\CMakeFiles/cmTC_460ff.dir/CMakeCCompilerABI.c.gcno" -resource-dir "C:\\Users\\sgfirstliu\\Downloads\\android-ndk-r20\\toolchains\\llvm\\prebuilt\\windows-x86_64\\lib64\\clang\\8.0.7" -dependency-file "CMakeFiles\\cmTC_460ff.dir\\CMakeCCompilerABI.c.o.d" -sys-header-deps -MT CMakeFiles/cmTC_460ff.dir/CMakeCCompilerABI.c.o -D ANDROID -isysroot C:/Users/sgfirstliu/Downloads/android-ndk-r20/toolchains/llvm/prebuilt/windows-x86_64/sysroot -internal-isystem C:/Users/sgfirstliu/Downloads/android-ndk-r20/toolchains/llvm/prebuilt/windows-x86_64/sysroot/usr/local/include -internal-isystem "C:\\Users\\sgfirstliu\\Downloads\\android-ndk-r20\\toolchains\\llvm\\prebuilt\\windows-x86_64\\lib64\\clang\\8.0.7\\include" -internal-externc-isystem C:/Users/sgfirstliu/Downloads/android-ndk-r20/toolchains/llvm/prebuilt/windows-x86_64/sysroot/usr/include/aarch64-linux-android -internal-externc-isystem C:/Users/sgfirstliu/Downloads/android-ndk-r20/toolchains/llvm/prebuilt/windows-x86_64/sysroot/include -internal-externc-isystem C:/Users/sgfirstliu/Downloads/android-ndk-r20/toolchains/llvm/prebuilt/windows-x86_64/sysroot/usr/include -Wformat -fdebug-compilation-dir "C:\\Users\\sgfirstliu\\Downloads\\mimalloc-1.7.2\\out\\android\\arm64-v8a\\CMakeFiles\\CMakeTmp" -ferror-limit 19 -fmessage-length 0 -stack-protector 2 -fno-signed-char -fobjc-runtime=gcc -fdiagnostics-show-option -o CMakeFiles/cmTC_460ff.dir/CMakeCCompilerABI.c.o -x c C:/Program Files/CMake/share/cmake-3.21/Modules/CMakeCCompilerABI.c]
  ignore line: [clang -cc1 version 8.0.7 based upon LLVM 8.0.7svn default target x86_64-w64-windows-gnu]
  ignore line: [ignoring nonexistent directory "C:/Users/sgfirstliu/Downloads/android-ndk-r20/toolchains/llvm/prebuilt/windows-x86_64/sysroot/include"]
  ignore line: [#include "..." search starts here:]
  ignore line: [#include <...> search starts here:]
  ignore line: [ C:/Users/sgfirstliu/Downloads/android-ndk-r20/toolchains/llvm/prebuilt/windows-x86_64/sysroot/usr/local/include]
  ignore line: [ C:\Users\sgfirstliu\Downloads\android-ndk-r20\toolchains\llvm\prebuilt\windows-x86_64\lib64\clang\8.0.7\include]
  ignore line: [ C:/Users/sgfirstliu/Downloads/android-ndk-r20/toolchains/llvm/prebuilt/windows-x86_64/sysroot/usr/include/aarch64-linux-android]
  ignore line: [ C:/Users/sgfirstliu/Downloads/android-ndk-r20/toolchains/llvm/prebuilt/windows-x86_64/sysroot/usr/include]
  ignore line: [End of search list.]
  ignore line: [[2/2] Linking C executable cmTC_460ff]
  ignore line: [Android (5220042 based on r346389c) clang version 8.0.7 (https://android.googlesource.com/toolchain/clang b55f2d4ebfd35bf643d27dbca1bb228957008617) (https://android.googlesource.com/toolchain/llvm 3c393fe7a7e13b0fba4ac75a01aa683d7a5b11cd) (based on LLVM 8.0.7svn)]
  ignore line: [Target: aarch64-none-linux-android21]
  ignore line: [Thread model: posix]
  ignore line: [InstalledDir: C:\Users\sgfirstliu\Downloads\android-ndk-r20\toolchains\llvm\prebuilt\windows-x86_64\bin]
  ignore line: [Found candidate GCC installation: C:/Users/sgfirstliu/Downloads/android-ndk-r20/toolchains/llvm/prebuilt/windows-x86_64/lib/gcc/aarch64-linux-android\4.9.x]
  ignore line: [Selected GCC installation: C:/Users/sgfirstliu/Downloads/android-ndk-r20/toolchains/llvm/prebuilt/windows-x86_64/lib/gcc/aarch64-linux-android/4.9.x]
  ignore line: [Candidate multilib: .]
  ignore line: [@m64]
  ignore line: [Selected multilib: .]
  ignore line: [@m64]
  link line: [ "C:/Users/sgfirstliu/Downloads/android-ndk-r20/toolchains/llvm/prebuilt/windows-x86_64/lib/gcc/aarch64-linux-android/4.9.x/../../../../aarch64-linux-android/bin\\ld" --sysroot=C:/Users/sgfirstliu/Downloads/android-ndk-r20/toolchains/llvm/prebuilt/windows-x86_64/sysroot -pie -EL --fix-cortex-a53-843419 -z now -z relro --hash-style=both --enable-new-dtags --eh-frame-hdr -m aarch64linux -dynamic-linker /system/bin/linker64 -o cmTC_460ff "C:/Users/sgfirstliu/Downloads/android-ndk-r20/toolchains/llvm/prebuilt/windows-x86_64/sysroot/usr/lib/aarch64-linux-android/21\\crtbegin_dynamic.o" "-LC:\\Users\\sgfirstliu\\Downloads\\android-ndk-r20\\toolchains\\llvm\\prebuilt\\windows-x86_64\\lib64\\clang\\8.0.7\\lib\\linux\\aarch64" -LC:/Users/sgfirstliu/Downloads/android-ndk-r20/toolchains/llvm/prebuilt/windows-x86_64/lib/gcc/aarch64-linux-android/4.9.x -LC:/Users/sgfirstliu/Downloads/android-ndk-r20/toolchains/llvm/prebuilt/windows-x86_64/lib/gcc/aarch64-linux-android/4.9.x/../../../../aarch64-linux-android/lib/../lib64 -LC:/Users/sgfirstliu/Downloads/android-ndk-r20/toolchains/llvm/prebuilt/windows-x86_64/sysroot/usr/lib/aarch64-linux-android/21 -LC:/Users/sgfirstliu/Downloads/android-ndk-r20/toolchains/llvm/prebuilt/windows-x86_64/sysroot/usr/lib/aarch64-linux-android -LC:/Users/sgfirstliu/Downloads/android-ndk-r20/toolchains/llvm/prebuilt/windows-x86_64/lib/gcc/aarch64-linux-android/4.9.x/../../../../aarch64-linux-android/lib -LC:/Users/sgfirstliu/Downloads/android-ndk-r20/toolchains/llvm/prebuilt/windows-x86_64/sysroot/usr/lib --exclude-libs libgcc.a --exclude-libs libatomic.a --build-id --warn-shared-textrel --fatal-warnings --no-undefined -z noexecstack --gc-sections CMakeFiles/cmTC_460ff.dir/CMakeCCompilerABI.c.o -lgcc -ldl -lc -lgcc -ldl "C:/Users/sgfirstliu/Downloads/android-ndk-r20/toolchains/llvm/prebuilt/windows-x86_64/sysroot/usr/lib/aarch64-linux-android/21\\crtend_android.o"]
    arg [C:/Users/sgfirstliu/Downloads/android-ndk-r20/toolchains/llvm/prebuilt/windows-x86_64/lib/gcc/aarch64-linux-android/4.9.x/../../../../aarch64-linux-android/bin\\ld] ==> ignore
    arg [--sysroot=C:/Users/sgfirstliu/Downloads/android-ndk-r20/toolchains/llvm/prebuilt/windows-x86_64/sysroot] ==> ignore
    arg [-pie] ==> ignore
    arg [-EL] ==> ignore
    arg [--fix-cortex-a53-843419] ==> ignore
    arg [-znow] ==> ignore
    arg [-zrelro] ==> ignore
    arg [--hash-style=both] ==> ignore
    arg [--enable-new-dtags] ==> ignore
    arg [--eh-frame-hdr] ==> ignore
    arg [-m] ==> ignore
    arg [aarch64linux] ==> ignore
    arg [-dynamic-linker] ==> ignore
    arg [/system/bin/linker64] ==> ignore
    arg [-o] ==> ignore
    arg [cmTC_460ff] ==> ignore
    arg [C:/Users/sgfirstliu/Downloads/android-ndk-r20/toolchains/llvm/prebuilt/windows-x86_64/sysroot/usr/lib/aarch64-linux-android/21\\crtbegin_dynamic.o] ==> obj [C:/Users/sgfirstliu/Downloads/android-ndk-r20/toolchains/llvm/prebuilt/windows-x86_64/sysroot/usr/lib/aarch64-linux-android/21\\crtbegin_dynamic.o]
    arg [-LC:\\Users\\sgfirstliu\\Downloads\\android-ndk-r20\\toolchains\\llvm\\prebuilt\\windows-x86_64\\lib64\\clang\\8.0.7\\lib\\linux\\aarch64] ==> dir [C:\\Users\\sgfirstliu\\Downloads\\android-ndk-r20\\toolchains\\llvm\\prebuilt\\windows-x86_64\\lib64\\clang\\8.0.7\\lib\\linux\\aarch64]
    arg [-LC:/Users/sgfirstliu/Downloads/android-ndk-r20/toolchains/llvm/prebuilt/windows-x86_64/lib/gcc/aarch64-linux-android/4.9.x] ==> dir [C:/Users/sgfirstliu/Downloads/android-ndk-r20/toolchains/llvm/prebuilt/windows-x86_64/lib/gcc/aarch64-linux-android/4.9.x]
    arg [-LC:/Users/sgfirstliu/Downloads/android-ndk-r20/toolchains/llvm/prebuilt/windows-x86_64/lib/gcc/aarch64-linux-android/4.9.x/../../../../aarch64-linux-android/lib/../lib64] ==> dir [C:/Users/sgfirstliu/Downloads/android-ndk-r20/toolchains/llvm/prebuilt/windows-x86_64/lib/gcc/aarch64-linux-android/4.9.x/../../../../aarch64-linux-android/lib/../lib64]
    arg [-LC:/Users/sgfirstliu/Downloads/android-ndk-r20/toolchains/llvm/prebuilt/windows-x86_64/sysroot/usr/lib/aarch64-linux-android/21] ==> dir [C:/Users/sgfirstliu/Downloads/android-ndk-r20/toolchains/llvm/prebuilt/windows-x86_64/sysroot/usr/lib/aarch64-linux-android/21]
    arg [-LC:/Users/sgfirstliu/Downloads/android-ndk-r20/toolchains/llvm/prebuilt/windows-x86_64/sysroot/usr/lib/aarch64-linux-android] ==> dir [C:/Users/sgfirstliu/Downloads/android-ndk-r20/toolchains/llvm/prebuilt/windows-x86_64/sysroot/usr/lib/aarch64-linux-android]
    arg [-LC:/Users/sgfirstliu/Downloads/android-ndk-r20/toolchains/llvm/prebuilt/windows-x86_64/lib/gcc/aarch64-linux-android/4.9.x/../../../../aarch64-linux-android/lib] ==> dir [C:/Users/sgfirstliu/Downloads/android-ndk-r20/toolchains/llvm/prebuilt/windows-x86_64/lib/gcc/aarch64-linux-android/4.9.x/../../../../aarch64-linux-android/lib]
    arg [-LC:/Users/sgfirstliu/Downloads/android-ndk-r20/toolchains/llvm/prebuilt/windows-x86_64/sysroot/usr/lib] ==> dir [C:/Users/sgfirstliu/Downloads/android-ndk-r20/toolchains/llvm/prebuilt/windows-x86_64/sysroot/usr/lib]
    arg [--exclude-libs] ==> ignore
    arg [libgcc.a] ==> ignore
    arg [--exclude-libs] ==> ignore
    arg [libatomic.a] ==> ignore
    arg [--build-id] ==> ignore
    arg [--warn-shared-textrel] ==> ignore
    arg [--fatal-warnings] ==> ignore
    arg [--no-undefined] ==> ignore
    arg [-znoexecstack] ==> ignore
    arg [--gc-sections] ==> ignore
    arg [CMakeFiles/cmTC_460ff.dir/CMakeCCompilerABI.c.o] ==> ignore
    arg [-lgcc] ==> lib [gcc]
    arg [-ldl] ==> lib [dl]
    arg [-lc] ==> lib [c]
    arg [-lgcc] ==> lib [gcc]
    arg [-ldl] ==> lib [dl]
    arg [C:/Users/sgfirstliu/Downloads/android-ndk-r20/toolchains/llvm/prebuilt/windows-x86_64/sysroot/usr/lib/aarch64-linux-android/21\\crtend_android.o] ==> obj [C:/Users/sgfirstliu/Downloads/android-ndk-r20/toolchains/llvm/prebuilt/windows-x86_64/sysroot/usr/lib/aarch64-linux-android/21\\crtend_android.o]
  collapse obj [C:/Users/sgfirstliu/Downloads/android-ndk-r20/toolchains/llvm/prebuilt/windows-x86_64/sysroot/usr/lib/aarch64-linux-android/21\\crtbegin_dynamic.o] ==> [C:/Users/sgfirstliu/Downloads/android-ndk-r20/toolchains/llvm/prebuilt/windows-x86_64/sysroot/usr/lib/aarch64-linux-android/21/crtbegin_dynamic.o]
  collapse obj [C:/Users/sgfirstliu/Downloads/android-ndk-r20/toolchains/llvm/prebuilt/windows-x86_64/sysroot/usr/lib/aarch64-linux-android/21\\crtend_android.o] ==> [C:/Users/sgfirstliu/Downloads/android-ndk-r20/toolchains/llvm/prebuilt/windows-x86_64/sysroot/usr/lib/aarch64-linux-android/21/crtend_android.o]
  collapse library dir [C:\\Users\\sgfirstliu\\Downloads\\android-ndk-r20\\toolchains\\llvm\\prebuilt\\windows-x86_64\\lib64\\clang\\8.0.7\\lib\\linux\\aarch64] ==> [C:/Users/sgfirstliu/Downloads/android-ndk-r20/toolchains/llvm/prebuilt/windows-x86_64/lib64/clang/8.0.7/lib/linux/aarch64]
  collapse library dir [C:/Users/sgfirstliu/Downloads/android-ndk-r20/toolchains/llvm/prebuilt/windows-x86_64/lib/gcc/aarch64-linux-android/4.9.x] ==> [C:/Users/sgfirstliu/Downloads/android-ndk-r20/toolchains/llvm/prebuilt/windows-x86_64/lib/gcc/aarch64-linux-android/4.9.x]
  collapse library dir [C:/Users/sgfirstliu/Downloads/android-ndk-r20/toolchains/llvm/prebuilt/windows-x86_64/lib/gcc/aarch64-linux-android/4.9.x/../../../../aarch64-linux-android/lib/../lib64] ==> [C:/Users/sgfirstliu/Downloads/android-ndk-r20/toolchains/llvm/prebuilt/windows-x86_64/aarch64-linux-android/lib64]
  collapse library dir [C:/Users/sgfirstliu/Downloads/android-ndk-r20/toolchains/llvm/prebuilt/windows-x86_64/sysroot/usr/lib/aarch64-linux-android/21] ==> [C:/Users/sgfirstliu/Downloads/android-ndk-r20/toolchains/llvm/prebuilt/windows-x86_64/sysroot/usr/lib/aarch64-linux-android/21]
  collapse library dir [C:/Users/sgfirstliu/Downloads/android-ndk-r20/toolchains/llvm/prebuilt/windows-x86_64/sysroot/usr/lib/aarch64-linux-android] ==> [C:/Users/sgfirstliu/Downloads/android-ndk-r20/toolchains/llvm/prebuilt/windows-x86_64/sysroot/usr/lib/aarch64-linux-android]
  collapse library dir [C:/Users/sgfirstliu/Downloads/android-ndk-r20/toolchains/llvm/prebuilt/windows-x86_64/lib/gcc/aarch64-linux-android/4.9.x/../../../../aarch64-linux-android/lib] ==> [C:/Users/sgfirstliu/Downloads/android-ndk-r20/toolchains/llvm/prebuilt/windows-x86_64/aarch64-linux-android/lib]
  collapse library dir [C:/Users/sgfirstliu/Downloads/android-ndk-r20/toolchains/llvm/prebuilt/windows-x86_64/sysroot/usr/lib] ==> [C:/Users/sgfirstliu/Downloads/android-ndk-r20/toolchains/llvm/prebuilt/windows-x86_64/sysroot/usr/lib]
  implicit libs: [gcc;dl;c;gcc;dl]
  implicit objs: [C:/Users/sgfirstliu/Downloads/android-ndk-r20/toolchains/llvm/prebuilt/windows-x86_64/sysroot/usr/lib/aarch64-linux-android/21/crtbegin_dynamic.o;C:/Users/sgfirstliu/Downloads/android-ndk-r20/toolchains/llvm/prebuilt/windows-x86_64/sysroot/usr/lib/aarch64-linux-android/21/crtend_android.o]
  implicit dirs: [C:/Users/sgfirstliu/Downloads/android-ndk-r20/toolchains/llvm/prebuilt/windows-x86_64/lib64/clang/8.0.7/lib/linux/aarch64;C:/Users/sgfirstliu/Downloads/android-ndk-r20/toolchains/llvm/prebuilt/windows-x86_64/lib/gcc/aarch64-linux-android/4.9.x;C:/Users/sgfirstliu/Downloads/android-ndk-r20/toolchains/llvm/prebuilt/windows-x86_64/aarch64-linux-android/lib64;C:/Users/sgfirstliu/Downloads/android-ndk-r20/toolchains/llvm/prebuilt/windows-x86_64/sysroot/usr/lib/aarch64-linux-android/21;C:/Users/sgfirstliu/Downloads/android-ndk-r20/toolchains/llvm/prebuilt/windows-x86_64/sysroot/usr/lib/aarch64-linux-android;C:/Users/sgfirstliu/Downloads/android-ndk-r20/toolchains/llvm/prebuilt/windows-x86_64/aarch64-linux-android/lib;C:/Users/sgfirstliu/Downloads/android-ndk-r20/toolchains/llvm/prebuilt/windows-x86_64/sysroot/usr/lib]
  implicit fwks: []


Detecting CXX compiler ABI info compiled with the following output:
Change Dir: C:/Users/sgfirstliu/Downloads/mimalloc-1.7.2/out/android/arm64-v8a/CMakeFiles/CMakeTmp

Run Build Command(s):C:/Users/sgfirstliu/AppData/Local/Android/Sdk/cmake/3.18.1/bin/ninja.exe cmTC_c96bb && [1/2] Building CXX object CMakeFiles/cmTC_c96bb.dir/CMakeCXXCompilerABI.cpp.o
Android (5220042 based on r346389c) clang version 8.0.7 (https://android.googlesource.com/toolchain/clang b55f2d4ebfd35bf643d27dbca1bb228957008617) (https://android.googlesource.com/toolchain/llvm 3c393fe7a7e13b0fba4ac75a01aa683d7a5b11cd) (based on LLVM 8.0.7svn)
Target: aarch64-none-linux-android21
Thread model: posix
InstalledDir: C:\Users\sgfirstliu\Downloads\android-ndk-r20\toolchains\llvm\prebuilt\windows-x86_64\bin
Found candidate GCC installation: C:/Users/sgfirstliu/Downloads/android-ndk-r20/toolchains/llvm/prebuilt/windows-x86_64/lib/gcc/aarch64-linux-android\4.9.x
Selected GCC installation: C:/Users/sgfirstliu/Downloads/android-ndk-r20/toolchains/llvm/prebuilt/windows-x86_64/lib/gcc/aarch64-linux-android/4.9.x
Candidate multilib: .;@m64
Selected multilib: .;@m64
 "C:\\Users\\sgfirstliu\\Downloads\\android-ndk-r20\\toolchains\\llvm\\prebuilt\\windows-x86_64\\bin\\clang++.exe" -cc1 -triple aarch64-none-linux-android21 -emit-obj -mrelax-all -mnoexecstack -disable-free -disable-llvm-verifier -discard-value-names -main-file-name CMakeCXXCompilerABI.cpp -mrelocation-model pic -pic-level 2 -pic-is-pie -mthread-model posix -mdisable-fp-elim -masm-verbose -mconstructor-aliases -munwind-tables -fuse-init-array -target-cpu generic -target-feature +neon -target-abi aapcs -mllvm -aarch64-fix-cortex-a53-835769=1 -fallow-half-arguments-and-returns -dwarf-column-info -debug-info-kind=limited -dwarf-version=4 -debugger-tuning=gdb -v -ffunction-sections -fdata-sections -coverage-notes-file "C:\\Users\\sgfirstliu\\Downloads\\mimalloc-1.7.2\\out\\android\\arm64-v8a\\CMakeFiles\\CMakeTmp\\CMakeFiles/cmTC_c96bb.dir/CMakeCXXCompilerABI.cpp.gcno" -resource-dir "C:\\Users\\sgfirstliu\\Downloads\\android-ndk-r20\\toolchains\\llvm\\prebuilt\\windows-x86_64\\lib64\\clang\\8.0.7" -dependency-file "CMakeFiles\\cmTC_c96bb.dir\\CMakeCXXCompilerABI.cpp.o.d" -sys-header-deps -MT CMakeFiles/cmTC_c96bb.dir/CMakeCXXCompilerABI.cpp.o -D ANDROID -isysroot C:/Users/sgfirstliu/Downloads/android-ndk-r20/toolchains/llvm/prebuilt/windows-x86_64/sysroot -internal-isystem C:/Users/sgfirstliu/Downloads/android-ndk-r20/toolchains/llvm/prebuilt/windows-x86_64/sysroot/usr/include/c++/v1 -internal-isystem C:/Users/sgfirstliu/Downloads/android-ndk-r20/toolchains/llvm/prebuilt/windows-x86_64/sysroot/usr/local/include -internal-isystem "C:\\Users\\sgfirstliu\\Downloads\\android-ndk-r20\\toolchains\\llvm\\prebuilt\\windows-x86_64\\lib64\\clang\\8.0.7\\include" -internal-externc-isystem C:/Users/sgfirstliu/Downloads/android-ndk-r20/toolchains/llvm/prebuilt/windows-x86_64/sysroot/usr/include/aarch64-linux-android -internal-externc-isystem C:/Users/sgfirstliu/Downloads/android-ndk-r20/toolchains/llvm/prebuilt/windows-x86_64/sysroot/include -internal-externc-isystem C:/Users/sgfirstliu/Downloads/android-ndk-r20/toolchains/llvm/prebuilt/windows-x86_64/sysroot/usr/include -Wformat -fdeprecated-macro -fdebug-compilation-dir "C:\\Users\\sgfirstliu\\Downloads\\mimalloc-1.7.2\\out\\android\\arm64-v8a\\CMakeFiles\\CMakeTmp" -ferror-limit 19 -fmessage-length 0 -stack-protector 2 -fno-signed-char -fobjc-runtime=gcc -fcxx-exceptions -fexceptions -fdiagnostics-show-option -o CMakeFiles/cmTC_c96bb.dir/CMakeCXXCompilerABI.cpp.o -x c++ C:/Program Files/CMake/share/cmake-3.21/Modules/CMakeCXXCompilerABI.cpp
clang -cc1 version 8.0.7 based upon LLVM 8.0.7svn default target x86_64-w64-windows-gnu
ignoring nonexistent directory "C:/Users/sgfirstliu/Downloads/android-ndk-r20/toolchains/llvm/prebuilt/windows-x86_64/sysroot/include"
#include "..." search starts here:
#include <...> search starts here:
 C:/Users/sgfirstliu/Downloads/android-ndk-r20/toolchains/llvm/prebuilt/windows-x86_64/sysroot/usr/include/c++/v1
 C:/Users/sgfirstliu/Downloads/android-ndk-r20/toolchains/llvm/prebuilt/windows-x86_64/sysroot/usr/local/include
 C:\Users\sgfirstliu\Downloads\android-ndk-r20\toolchains\llvm\prebuilt\windows-x86_64\lib64\clang\8.0.7\include
 C:/Users/sgfirstliu/Downloads/android-ndk-r20/toolchains/llvm/prebuilt/windows-x86_64/sysroot/usr/include/aarch64-linux-android
 C:/Users/sgfirstliu/Downloads/android-ndk-r20/toolchains/llvm/prebuilt/windows-x86_64/sysroot/usr/include
End of search list.
[2/2] Linking CXX executable cmTC_c96bb
Android (5220042 based on r346389c) clang version 8.0.7 (https://android.googlesource.com/toolchain/clang b55f2d4ebfd35bf643d27dbca1bb228957008617) (https://android.googlesource.com/toolchain/llvm 3c393fe7a7e13b0fba4ac75a01aa683d7a5b11cd) (based on LLVM 8.0.7svn)
Target: aarch64-none-linux-android21
Thread model: posix
InstalledDir: C:\Users\sgfirstliu\Downloads\android-ndk-r20\toolchains\llvm\prebuilt\windows-x86_64\bin
Found candidate GCC installation: C:/Users/sgfirstliu/Downloads/android-ndk-r20/toolchains/llvm/prebuilt/windows-x86_64/lib/gcc/aarch64-linux-android\4.9.x
Selected GCC installation: C:/Users/sgfirstliu/Downloads/android-ndk-r20/toolchains/llvm/prebuilt/windows-x86_64/lib/gcc/aarch64-linux-android/4.9.x
Candidate multilib: .;@m64
Selected multilib: .;@m64
 "C:/Users/sgfirstliu/Downloads/android-ndk-r20/toolchains/llvm/prebuilt/windows-x86_64/lib/gcc/aarch64-linux-android/4.9.x/../../../../aarch64-linux-android/bin\\ld" --sysroot=C:/Users/sgfirstliu/Downloads/android-ndk-r20/toolchains/llvm/prebuilt/windows-x86_64/sysroot -pie -EL --fix-cortex-a53-843419 -z now -z relro --hash-style=both --enable-new-dtags --eh-frame-hdr -m aarch64linux -dynamic-linker /system/bin/linker64 -o cmTC_c96bb "C:/Users/sgfirstliu/Downloads/android-ndk-r20/toolchains/llvm/prebuilt/windows-x86_64/sysroot/usr/lib/aarch64-linux-android/21\\crtbegin_dynamic.o" "-LC:\\Users\\sgfirstliu\\Downloads\\android-ndk-r20\\toolchains\\llvm\\prebuilt\\windows-x86_64\\lib64\\clang\\8.0.7\\lib\\linux\\aarch64" -LC:/Users/sgfirstliu/Downloads/android-ndk-r20/toolchains/llvm/prebuilt/windows-x86_64/lib/gcc/aarch64-linux-android/4.9.x -LC:/Users/sgfirstliu/Downloads/android-ndk-r20/toolchains/llvm/prebuilt/windows-x86_64/lib/gcc/aarch64-linux-android/4.9.x/../../../../aarch64-linux-android/lib/../lib64 -LC:/Users/sgfirstliu/Downloads/android-ndk-r20/toolchains/llvm/prebuilt/windows-x86_64/sysroot/usr/lib/aarch64-linux-android/21 -LC:/Users/sgfirstliu/Downloads/android-ndk-r20/toolchains/llvm/prebuilt/windows-x86_64/sysroot/usr/lib/aarch64-linux-android -LC:/Users/sgfirstliu/Downloads/android-ndk-r20/toolchains/llvm/prebuilt/windows-x86_64/lib/gcc/aarch64-linux-android/4.9.x/../../../../aarch64-linux-android/lib -LC:/Users/sgfirstliu/Downloads/android-ndk-r20/toolchains/llvm/prebuilt/windows-x86_64/sysroot/usr/lib --exclude-libs libgcc.a --exclude-libs libatomic.a --build-id --warn-shared-textrel --fatal-warnings --no-undefined -z noexecstack --gc-sections CMakeFiles/cmTC_c96bb.dir/CMakeCXXCompilerABI.cpp.o -Bstatic -lc++ -Bdynamic -lm -lgcc -ldl -lc -lgcc -ldl "C:/Users/sgfirstliu/Downloads/android-ndk-r20/toolchains/llvm/prebuilt/windows-x86_64/sysroot/usr/lib/aarch64-linux-android/21\\crtend_android.o"



Parsed CXX implicit include dir info from above output: rv=done
  found start of include info
  found start of implicit include info
    add: [C:/Users/sgfirstliu/Downloads/android-ndk-r20/toolchains/llvm/prebuilt/windows-x86_64/sysroot/usr/include/c++/v1]
    add: [C:/Users/sgfirstliu/Downloads/android-ndk-r20/toolchains/llvm/prebuilt/windows-x86_64/sysroot/usr/local/include]
    add: [C:/Users/sgfirstliu/Downloads/android-ndk-r20/toolchains/llvm/prebuilt/windows-x86_64/lib64/clang/8.0.7/include]
    add: [C:/Users/sgfirstliu/Downloads/android-ndk-r20/toolchains/llvm/prebuilt/windows-x86_64/sysroot/usr/include/aarch64-linux-android]
    add: [C:/Users/sgfirstliu/Downloads/android-ndk-r20/toolchains/llvm/prebuilt/windows-x86_64/sysroot/usr/include]
  end of search list found
  collapse include dir [C:/Users/sgfirstliu/Downloads/android-ndk-r20/toolchains/llvm/prebuilt/windows-x86_64/sysroot/usr/include/c++/v1] ==> [C:/Users/sgfirstliu/Downloads/android-ndk-r20/toolchains/llvm/prebuilt/windows-x86_64/sysroot/usr/include/c++/v1]
  collapse include dir [C:/Users/sgfirstliu/Downloads/android-ndk-r20/toolchains/llvm/prebuilt/windows-x86_64/sysroot/usr/local/include] ==> [C:/Users/sgfirstliu/Downloads/android-ndk-r20/toolchains/llvm/prebuilt/windows-x86_64/sysroot/usr/local/include]
  collapse include dir [C:/Users/sgfirstliu/Downloads/android-ndk-r20/toolchains/llvm/prebuilt/windows-x86_64/lib64/clang/8.0.7/include] ==> [C:/Users/sgfirstliu/Downloads/android-ndk-r20/toolchains/llvm/prebuilt/windows-x86_64/lib64/clang/8.0.7/include]
  collapse include dir [C:/Users/sgfirstliu/Downloads/android-ndk-r20/toolchains/llvm/prebuilt/windows-x86_64/sysroot/usr/include/aarch64-linux-android] ==> [C:/Users/sgfirstliu/Downloads/android-ndk-r20/toolchains/llvm/prebuilt/windows-x86_64/sysroot/usr/include/aarch64-linux-android]
  collapse include dir [C:/Users/sgfirstliu/Downloads/android-ndk-r20/toolchains/llvm/prebuilt/windows-x86_64/sysroot/usr/include] ==> [C:/Users/sgfirstliu/Downloads/android-ndk-r20/toolchains/llvm/prebuilt/windows-x86_64/sysroot/usr/include]
  implicit include dirs: [C:/Users/sgfirstliu/Downloads/android-ndk-r20/toolchains/llvm/prebuilt/windows-x86_64/sysroot/usr/include/c++/v1;C:/Users/sgfirstliu/Downloads/android-ndk-r20/toolchains/llvm/prebuilt/windows-x86_64/sysroot/usr/local/include;C:/Users/sgfirstliu/Downloads/android-ndk-r20/toolchains/llvm/prebuilt/windows-x86_64/lib64/clang/8.0.7/include;C:/Users/sgfirstliu/Downloads/android-ndk-r20/toolchains/llvm/prebuilt/windows-x86_64/sysroot/usr/include/aarch64-linux-android;C:/Users/sgfirstliu/Downloads/android-ndk-r20/toolchains/llvm/prebuilt/windows-x86_64/sysroot/usr/include]


Parsed CXX implicit link information from above output:
  link line regex: [^( *|.*[/\])(ld\.lld\.exe|CMAKE_LINK_STARTFILE-NOTFOUND|([^/\]+-)?ld|collect2)[^/\]*( |$)]
  ignore line: [Change Dir: C:/Users/sgfirstliu/Downloads/mimalloc-1.7.2/out/android/arm64-v8a/CMakeFiles/CMakeTmp]
  ignore line: []
  ignore line: [Run Build Command(s):C:/Users/sgfirstliu/AppData/Local/Android/Sdk/cmake/3.18.1/bin/ninja.exe cmTC_c96bb && [1/2] Building CXX object CMakeFiles/cmTC_c96bb.dir/CMakeCXXCompilerABI.cpp.o]
  ignore line: [Android (5220042 based on r346389c) clang version 8.0.7 (https://android.googlesource.com/toolchain/clang b55f2d4ebfd35bf643d27dbca1bb228957008617) (https://android.googlesource.com/toolchain/llvm 3c393fe7a7e13b0fba4ac75a01aa683d7a5b11cd) (based on LLVM 8.0.7svn)]
  ignore line: [Target: aarch64-none-linux-android21]
  ignore line: [Thread model: posix]
  ignore line: [InstalledDir: C:\Users\sgfirstliu\Downloads\android-ndk-r20\toolchains\llvm\prebuilt\windows-x86_64\bin]
  ignore line: [Found candidate GCC installation: C:/Users/sgfirstliu/Downloads/android-ndk-r20/toolchains/llvm/prebuilt/windows-x86_64/lib/gcc/aarch64-linux-android\4.9.x]
  ignore line: [Selected GCC installation: C:/Users/sgfirstliu/Downloads/android-ndk-r20/toolchains/llvm/prebuilt/windows-x86_64/lib/gcc/aarch64-linux-android/4.9.x]
  ignore line: [Candidate multilib: .]
  ignore line: [@m64]
  ignore line: [Selected multilib: .]
  ignore line: [@m64]
  ignore line: [ "C:\\Users\\sgfirstliu\\Downloads\\android-ndk-r20\\toolchains\\llvm\\prebuilt\\windows-x86_64\\bin\\clang++.exe" -cc1 -triple aarch64-none-linux-android21 -emit-obj -mrelax-all -mnoexecstack -disable-free -disable-llvm-verifier -discard-value-names -main-file-name CMakeCXXCompilerABI.cpp -mrelocation-model pic -pic-level 2 -pic-is-pie -mthread-model posix -mdisable-fp-elim -masm-verbose -mconstructor-aliases -munwind-tables -fuse-init-array -target-cpu generic -target-feature +neon -target-abi aapcs -mllvm -aarch64-fix-cortex-a53-835769=1 -fallow-half-arguments-and-returns -dwarf-column-info -debug-info-kind=limited -dwarf-version=4 -debugger-tuning=gdb -v -ffunction-sections -fdata-sections -coverage-notes-file "C:\\Users\\sgfirstliu\\Downloads\\mimalloc-1.7.2\\out\\android\\arm64-v8a\\CMakeFiles\\CMakeTmp\\CMakeFiles/cmTC_c96bb.dir/CMakeCXXCompilerABI.cpp.gcno" -resource-dir "C:\\Users\\sgfirstliu\\Downloads\\android-ndk-r20\\toolchains\\llvm\\prebuilt\\windows-x86_64\\lib64\\clang\\8.0.7" -dependency-file "CMakeFiles\\cmTC_c96bb.dir\\CMakeCXXCompilerABI.cpp.o.d" -sys-header-deps -MT CMakeFiles/cmTC_c96bb.dir/CMakeCXXCompilerABI.cpp.o -D ANDROID -isysroot C:/Users/sgfirstliu/Downloads/android-ndk-r20/toolchains/llvm/prebuilt/windows-x86_64/sysroot -internal-isystem C:/Users/sgfirstliu/Downloads/android-ndk-r20/toolchains/llvm/prebuilt/windows-x86_64/sysroot/usr/include/c++/v1 -internal-isystem C:/Users/sgfirstliu/Downloads/android-ndk-r20/toolchains/llvm/prebuilt/windows-x86_64/sysroot/usr/local/include -internal-isystem "C:\\Users\\sgfirstliu\\Downloads\\android-ndk-r20\\toolchains\\llvm\\prebuilt\\windows-x86_64\\lib64\\clang\\8.0.7\\include" -internal-externc-isystem C:/Users/sgfirstliu/Downloads/android-ndk-r20/toolchains/llvm/prebuilt/windows-x86_64/sysroot/usr/include/aarch64-linux-android -internal-externc-isystem C:/Users/sgfirstliu/Downloads/android-ndk-r20/toolchains/llvm/prebuilt/windows-x86_64/sysroot/include -internal-externc-isystem C:/Users/sgfirstliu/Downloads/android-ndk-r20/toolchains/llvm/prebuilt/windows-x86_64/sysroot/usr/include -Wformat -fdeprecated-macro -fdebug-compilation-dir "C:\\Users\\sgfirstliu\\Downloads\\mimalloc-1.7.2\\out\\android\\arm64-v8a\\CMakeFiles\\CMakeTmp" -ferror-limit 19 -fmessage-length 0 -stack-protector 2 -fno-signed-char -fobjc-runtime=gcc -fcxx-exceptions -fexceptions -fdiagnostics-show-option -o CMakeFiles/cmTC_c96bb.dir/CMakeCXXCompilerABI.cpp.o -x c++ C:/Program Files/CMake/share/cmake-3.21/Modules/CMakeCXXCompilerABI.cpp]
  ignore line: [clang -cc1 version 8.0.7 based upon LLVM 8.0.7svn default target x86_64-w64-windows-gnu]
  ignore line: [ignoring nonexistent directory "C:/Users/sgfirstliu/Downloads/android-ndk-r20/toolchains/llvm/prebuilt/windows-x86_64/sysroot/include"]
  ignore line: [#include "..." search starts here:]
  ignore line: [#include <...> search starts here:]
  ignore line: [ C:/Users/sgfirstliu/Downloads/android-ndk-r20/toolchains/llvm/prebuilt/windows-x86_64/sysroot/usr/include/c++/v1]
  ignore line: [ C:/Users/sgfirstliu/Downloads/android-ndk-r20/toolchains/llvm/prebuilt/windows-x86_64/sysroot/usr/local/include]
  ignore line: [ C:\Users\sgfirstliu\Downloads\android-ndk-r20\toolchains\llvm\prebuilt\windows-x86_64\lib64\clang\8.0.7\include]
  ignore line: [ C:/Users/sgfirstliu/Downloads/android-ndk-r20/toolchains/llvm/prebuilt/windows-x86_64/sysroot/usr/include/aarch64-linux-android]
  ignore line: [ C:/Users/sgfirstliu/Downloads/android-ndk-r20/toolchains/llvm/prebuilt/windows-x86_64/sysroot/usr/include]
  ignore line: [End of search list.]
  ignore line: [[2/2] Linking CXX executable cmTC_c96bb]
  ignore line: [Android (5220042 based on r346389c) clang version 8.0.7 (https://android.googlesource.com/toolchain/clang b55f2d4ebfd35bf643d27dbca1bb228957008617) (https://android.googlesource.com/toolchain/llvm 3c393fe7a7e13b0fba4ac75a01aa683d7a5b11cd) (based on LLVM 8.0.7svn)]
  ignore line: [Target: aarch64-none-linux-android21]
  ignore line: [Thread model: posix]
  ignore line: [InstalledDir: C:\Users\sgfirstliu\Downloads\android-ndk-r20\toolchains\llvm\prebuilt\windows-x86_64\bin]
  ignore line: [Found candidate GCC installation: C:/Users/sgfirstliu/Downloads/android-ndk-r20/toolchains/llvm/prebuilt/windows-x86_64/lib/gcc/aarch64-linux-android\4.9.x]
  ignore line: [Selected GCC installation: C:/Users/sgfirstliu/Downloads/android-ndk-r20/toolchains/llvm/prebuilt/windows-x86_64/lib/gcc/aarch64-linux-android/4.9.x]
  ignore line: [Candidate multilib: .]
  ignore line: [@m64]
  ignore line: [Selected multilib: .]
  ignore line: [@m64]
  link line: [ "C:/Users/sgfirstliu/Downloads/android-ndk-r20/toolchains/llvm/prebuilt/windows-x86_64/lib/gcc/aarch64-linux-android/4.9.x/../../../../aarch64-linux-android/bin\\ld" --sysroot=C:/Users/sgfirstliu/Downloads/android-ndk-r20/toolchains/llvm/prebuilt/windows-x86_64/sysroot -pie -EL --fix-cortex-a53-843419 -z now -z relro --hash-style=both --enable-new-dtags --eh-frame-hdr -m aarch64linux -dynamic-linker /system/bin/linker64 -o cmTC_c96bb "C:/Users/sgfirstliu/Downloads/android-ndk-r20/toolchains/llvm/prebuilt/windows-x86_64/sysroot/usr/lib/aarch64-linux-android/21\\crtbegin_dynamic.o" "-LC:\\Users\\sgfirstliu\\Downloads\\android-ndk-r20\\toolchains\\llvm\\prebuilt\\windows-x86_64\\lib64\\clang\\8.0.7\\lib\\linux\\aarch64" -LC:/Users/sgfirstliu/Downloads/android-ndk-r20/toolchains/llvm/prebuilt/windows-x86_64/lib/gcc/aarch64-linux-android/4.9.x -LC:/Users/sgfirstliu/Downloads/android-ndk-r20/toolchains/llvm/prebuilt/windows-x86_64/lib/gcc/aarch64-linux-android/4.9.x/../../../../aarch64-linux-android/lib/../lib64 -LC:/Users/sgfirstliu/Downloads/android-ndk-r20/toolchains/llvm/prebuilt/windows-x86_64/sysroot/usr/lib/aarch64-linux-android/21 -LC:/Users/sgfirstliu/Downloads/android-ndk-r20/toolchains/llvm/prebuilt/windows-x86_64/sysroot/usr/lib/aarch64-linux-android -LC:/Users/sgfirstliu/Downloads/android-ndk-r20/toolchains/llvm/prebuilt/windows-x86_64/lib/gcc/aarch64-linux-android/4.9.x/../../../../aarch64-linux-android/lib -LC:/Users/sgfirstliu/Downloads/android-ndk-r20/toolchains/llvm/prebuilt/windows-x86_64/sysroot/usr/lib --exclude-libs libgcc.a --exclude-libs libatomic.a --build-id --warn-shared-textrel --fatal-warnings --no-undefined -z noexecstack --gc-sections CMakeFiles/cmTC_c96bb.dir/CMakeCXXCompilerABI.cpp.o -Bstatic -lc++ -Bdynamic -lm -lgcc -ldl -lc -lgcc -ldl "C:/Users/sgfirstliu/Downloads/android-ndk-r20/toolchains/llvm/prebuilt/windows-x86_64/sysroot/usr/lib/aarch64-linux-android/21\\crtend_android.o"]
    arg [C:/Users/sgfirstliu/Downloads/android-ndk-r20/toolchains/llvm/prebuilt/windows-x86_64/lib/gcc/aarch64-linux-android/4.9.x/../../../../aarch64-linux-android/bin\\ld] ==> ignore
    arg [--sysroot=C:/Users/sgfirstliu/Downloads/android-ndk-r20/toolchains/llvm/prebuilt/windows-x86_64/sysroot] ==> ignore
    arg [-pie] ==> ignore
    arg [-EL] ==> ignore
    arg [--fix-cortex-a53-843419] ==> ignore
    arg [-znow] ==> ignore
    arg [-zrelro] ==> ignore
    arg [--hash-style=both] ==> ignore
    arg [--enable-new-dtags] ==> ignore
    arg [--eh-frame-hdr] ==> ignore
    arg [-m] ==> ignore
    arg [aarch64linux] ==> ignore
    arg [-dynamic-linker] ==> ignore
    arg [/system/bin/linker64] ==> ignore
    arg [-o] ==> ignore
    arg [cmTC_c96bb] ==> ignore
    arg [C:/Users/sgfirstliu/Downloads/android-ndk-r20/toolchains/llvm/prebuilt/windows-x86_64/sysroot/usr/lib/aarch64-linux-android/21\\crtbegin_dynamic.o] ==> obj [C:/Users/sgfirstliu/Downloads/android-ndk-r20/toolchains/llvm/prebuilt/windows-x86_64/sysroot/usr/lib/aarch64-linux-android/21\\crtbegin_dynamic.o]
    arg [-LC:\\Users\\sgfirstliu\\Downloads\\android-ndk-r20\\toolchains\\llvm\\prebuilt\\windows-x86_64\\lib64\\clang\\8.0.7\\lib\\linux\\aarch64] ==> dir [C:\\Users\\sgfirstliu\\Downloads\\android-ndk-r20\\toolchains\\llvm\\prebuilt\\windows-x86_64\\lib64\\clang\\8.0.7\\lib\\linux\\aarch64]
    arg [-LC:/Users/sgfirstliu/Downloads/android-ndk-r20/toolchains/llvm/prebuilt/windows-x86_64/lib/gcc/aarch64-linux-android/4.9.x] ==> dir [C:/Users/sgfirstliu/Downloads/android-ndk-r20/toolchains/llvm/prebuilt/windows-x86_64/lib/gcc/aarch64-linux-android/4.9.x]
    arg [-LC:/Users/sgfirstliu/Downloads/android-ndk-r20/toolchains/llvm/prebuilt/windows-x86_64/lib/gcc/aarch64-linux-android/4.9.x/../../../../aarch64-linux-android/lib/../lib64] ==> dir [C:/Users/sgfirstliu/Downloads/android-ndk-r20/toolchains/llvm/prebuilt/windows-x86_64/lib/gcc/aarch64-linux-android/4.9.x/../../../../aarch64-linux-android/lib/../lib64]
    arg [-LC:/Users/sgfirstliu/Downloads/android-ndk-r20/toolchains/llvm/prebuilt/windows-x86_64/sysroot/usr/lib/aarch64-linux-android/21] ==> dir [C:/Users/sgfirstliu/Downloads/android-ndk-r20/toolchains/llvm/prebuilt/windows-x86_64/sysroot/usr/lib/aarch64-linux-android/21]
    arg [-LC:/Users/sgfirstliu/Downloads/android-ndk-r20/toolchains/llvm/prebuilt/windows-x86_64/sysroot/usr/lib/aarch64-linux-android] ==> dir [C:/Users/sgfirstliu/Downloads/android-ndk-r20/toolchains/llvm/prebuilt/windows-x86_64/sysroot/usr/lib/aarch64-linux-android]
    arg [-LC:/Users/sgfirstliu/Downloads/android-ndk-r20/toolchains/llvm/prebuilt/windows-x86_64/lib/gcc/aarch64-linux-android/4.9.x/../../../../aarch64-linux-android/lib] ==> dir [C:/Users/sgfirstliu/Downloads/android-ndk-r20/toolchains/llvm/prebuilt/windows-x86_64/lib/gcc/aarch64-linux-android/4.9.x/../../../../aarch64-linux-android/lib]
    arg [-LC:/Users/sgfirstliu/Downloads/android-ndk-r20/toolchains/llvm/prebuilt/windows-x86_64/sysroot/usr/lib] ==> dir [C:/Users/sgfirstliu/Downloads/android-ndk-r20/toolchains/llvm/prebuilt/windows-x86_64/sysroot/usr/lib]
    arg [--exclude-libs] ==> ignore
    arg [libgcc.a] ==> ignore
    arg [--exclude-libs] ==> ignore
    arg [libatomic.a] ==> ignore
    arg [--build-id] ==> ignore
    arg [--warn-shared-textrel] ==> ignore
    arg [--fatal-warnings] ==> ignore
    arg [--no-undefined] ==> ignore
    arg [-znoexecstack] ==> ignore
    arg [--gc-sections] ==> ignore
    arg [CMakeFiles/cmTC_c96bb.dir/CMakeCXXCompilerABI.cpp.o] ==> ignore
    arg [-Bstatic] ==> search static
    arg [-lc++] ==> lib [c++]
    arg [-Bdynamic] ==> search dynamic
    arg [-lm] ==> lib [m]
    arg [-lgcc] ==> lib [gcc]
    arg [-ldl] ==> lib [dl]
    arg [-lc] ==> lib [c]
    arg [-lgcc] ==> lib [gcc]
    arg [-ldl] ==> lib [dl]
    arg [C:/Users/sgfirstliu/Downloads/android-ndk-r20/toolchains/llvm/prebuilt/windows-x86_64/sysroot/usr/lib/aarch64-linux-android/21\\crtend_android.o] ==> obj [C:/Users/sgfirstliu/Downloads/android-ndk-r20/toolchains/llvm/prebuilt/windows-x86_64/sysroot/usr/lib/aarch64-linux-android/21\\crtend_android.o]
  collapse obj [C:/Users/sgfirstliu/Downloads/android-ndk-r20/toolchains/llvm/prebuilt/windows-x86_64/sysroot/usr/lib/aarch64-linux-android/21\\crtbegin_dynamic.o] ==> [C:/Users/sgfirstliu/Downloads/android-ndk-r20/toolchains/llvm/prebuilt/windows-x86_64/sysroot/usr/lib/aarch64-linux-android/21/crtbegin_dynamic.o]
  collapse obj [C:/Users/sgfirstliu/Downloads/android-ndk-r20/toolchains/llvm/prebuilt/windows-x86_64/sysroot/usr/lib/aarch64-linux-android/21\\crtend_android.o] ==> [C:/Users/sgfirstliu/Downloads/android-ndk-r20/toolchains/llvm/prebuilt/windows-x86_64/sysroot/usr/lib/aarch64-linux-android/21/crtend_android.o]
  collapse library dir [C:\\Users\\sgfirstliu\\Downloads\\android-ndk-r20\\toolchains\\llvm\\prebuilt\\windows-x86_64\\lib64\\clang\\8.0.7\\lib\\linux\\aarch64] ==> [C:/Users/sgfirstliu/Downloads/android-ndk-r20/toolchains/llvm/prebuilt/windows-x86_64/lib64/clang/8.0.7/lib/linux/aarch64]
  collapse library dir [C:/Users/sgfirstliu/Downloads/android-ndk-r20/toolchains/llvm/prebuilt/windows-x86_64/lib/gcc/aarch64-linux-android/4.9.x] ==> [C:/Users/sgfirstliu/Downloads/android-ndk-r20/toolchains/llvm/prebuilt/windows-x86_64/lib/gcc/aarch64-linux-android/4.9.x]
  collapse library dir [C:/Users/sgfirstliu/Downloads/android-ndk-r20/toolchains/llvm/prebuilt/windows-x86_64/lib/gcc/aarch64-linux-android/4.9.x/../../../../aarch64-linux-android/lib/../lib64] ==> [C:/Users/sgfirstliu/Downloads/android-ndk-r20/toolchains/llvm/prebuilt/windows-x86_64/aarch64-linux-android/lib64]
  collapse library dir [C:/Users/sgfirstliu/Downloads/android-ndk-r20/toolchains/llvm/prebuilt/windows-x86_64/sysroot/usr/lib/aarch64-linux-android/21] ==> [C:/Users/sgfirstliu/Downloads/android-ndk-r20/toolchains/llvm/prebuilt/windows-x86_64/sysroot/usr/lib/aarch64-linux-android/21]
  collapse library dir [C:/Users/sgfirstliu/Downloads/android-ndk-r20/toolchains/llvm/prebuilt/windows-x86_64/sysroot/usr/lib/aarch64-linux-android] ==> [C:/Users/sgfirstliu/Downloads/android-ndk-r20/toolchains/llvm/prebuilt/windows-x86_64/sysroot/usr/lib/aarch64-linux-android]
  collapse library dir [C:/Users/sgfirstliu/Downloads/android-ndk-r20/toolchains/llvm/prebuilt/windows-x86_64/lib/gcc/aarch64-linux-android/4.9.x/../../../../aarch64-linux-android/lib] ==> [C:/Users/sgfirstliu/Downloads/android-ndk-r20/toolchains/llvm/prebuilt/windows-x86_64/aarch64-linux-android/lib]
  collapse library dir [C:/Users/sgfirstliu/Downloads/android-ndk-r20/toolchains/llvm/prebuilt/windows-x86_64/sysroot/usr/lib] ==> [C:/Users/sgfirstliu/Downloads/android-ndk-r20/toolchains/llvm/prebuilt/windows-x86_64/sysroot/usr/lib]
  implicit libs: [c++;m;gcc;dl;c;gcc;dl]
  implicit objs: [C:/Users/sgfirstliu/Downloads/android-ndk-r20/toolchains/llvm/prebuilt/windows-x86_64/sysroot/usr/lib/aarch64-linux-android/21/crtbegin_dynamic.o;C:/Users/sgfirstliu/Downloads/android-ndk-r20/toolchains/llvm/prebuilt/windows-x86_64/sysroot/usr/lib/aarch64-linux-android/21/crtend_android.o]
  implicit dirs: [C:/Users/sgfirstliu/Downloads/android-ndk-r20/toolchains/llvm/prebuilt/windows-x86_64/lib64/clang/8.0.7/lib/linux/aarch64;C:/Users/sgfirstliu/Downloads/android-ndk-r20/toolchains/llvm/prebuilt/windows-x86_64/lib/gcc/aarch64-linux-android/4.9.x;C:/Users/sgfirstliu/Downloads/android-ndk-r20/toolchains/llvm/prebuilt/windows-x86_64/aarch64-linux-android/lib64;C:/Users/sgfirstliu/Downloads/android-ndk-r20/toolchains/llvm/prebuilt/windows-x86_64/sysroot/usr/lib/aarch64-linux-android/21;C:/Users/sgfirstliu/Downloads/android-ndk-r20/toolchains/llvm/prebuilt/windows-x86_64/sysroot/usr/lib/aarch64-linux-android;C:/Users/sgfirstliu/Downloads/android-ndk-r20/toolchains/llvm/prebuilt/windows-x86_64/aarch64-linux-android/lib;C:/Users/sgfirstliu/Downloads/android-ndk-r20/toolchains/llvm/prebuilt/windows-x86_64/sysroot/usr/lib]
  implicit fwks: []


